生成启动时间为 2018/1/12 19:20:46。
     1>项目“E:\DrawProject-master\Talk915LuckyDrawPro\Talk915LuckyDrawPro.vcxproj”在节点 2 上(build 个目标)。
     1>InitializeBuildStatus:
         正在创建“Debug\Talk915LuckyDrawPro.unsuccessfulbuild”，因为已指定“AlwaysCreate”。
       ClCompile:
         所有输出均为最新。
         c:\Program Files (x86)\Microsoft Visual Studio 10.0\VC\bin\CL.exe /c /ZI /nologo /W3 /WX- /Od /Oy- /D WIN32 /D _WINDOWS /D _DEBUG /D _UNICODE /D UNICODE /D _AFXDLL /Gm /EHsc /RTC1 /MDd /GS /fp:precise /Zc:wchar_t /Zc:forScope /Yu"StdAfx.h" /Fp"Debug\Talk915LuckyDrawPro.pch" /Fo"Debug\\" /Fd"Debug\vc100.pdb" /Gd /TP /analyze- /errorReport:prompt Talk915LuckyDrawProDlg.cpp
         Talk915LuckyDrawProDlg.cpp
     1>e:\drawproject-master\talk915luckydrawpro\talk915luckydrawprodlg.cpp(75): warning C4244: “初始化”: 从“double”转换到“int”，可能丢失数据
     1>e:\drawproject-master\talk915luckydrawpro\talk915luckydrawprodlg.cpp(76): warning C4244: “初始化”: 从“double”转换到“int”，可能丢失数据
     1>e:\drawproject-master\talk915luckydrawpro\talk915luckydrawprodlg.cpp(77): warning C4244: “初始化”: 从“double”转换到“int”，可能丢失数据
     1>e:\drawproject-master\talk915luckydrawpro\talk915luckydrawprodlg.cpp(78): warning C4244: “初始化”: 从“double”转换到“int”，可能丢失数据
     1>e:\drawproject-master\talk915luckydrawpro\talk915luckydrawprodlg.cpp(81): warning C4244: “参数”: 从“double”转换到“int”，可能丢失数据
     1>e:\drawproject-master\talk915luckydrawpro\talk915luckydrawprodlg.cpp(82): warning C4244: “参数”: 从“double”转换到“int”，可能丢失数据
     1>e:\drawproject-master\talk915luckydrawpro\talk915luckydrawprodlg.cpp(152): warning C4244: “初始化”: 从“ULONGLONG”转换到“int”，可能丢失数据
     1>e:\drawproject-master\talk915luckydrawpro\talk915luckydrawprodlg.cpp(160): warning C4996: 'strtok': This function or variable may be unsafe. Consider using strtok_s instead. To disable deprecation, use _CRT_SECURE_NO_WARNINGS. See online help for details.
                 c:\program files (x86)\microsoft visual studio 10.0\vc\include\string.h(197) : 参见“strtok”的声明
     1>e:\drawproject-master\talk915luckydrawpro\talk915luckydrawprodlg.cpp(164): warning C4996: 'strtok': This function or variable may be unsafe. Consider using strtok_s instead. To disable deprecation, use _CRT_SECURE_NO_WARNINGS. See online help for details.
                 c:\program files (x86)\microsoft visual studio 10.0\vc\include\string.h(197) : 参见“strtok”的声明
       ResourceCompile:
         所有输出均为最新。
       ManifestResourceCompile:
         所有输出均为最新。
       Link:
         c:\Program Files (x86)\Microsoft Visual Studio 10.0\VC\bin\link.exe /ERRORREPORT:PROMPT /OUT:"E:\DrawProject-master\Debug\Talk915LuckyDrawPro.exe" /INCREMENTAL /NOLOGO /MANIFEST /ManifestFile:"Debug\Talk915LuckyDrawPro.exe.intermediate.manifest" /MANIFESTUAC:"level='asInvoker' uiAccess='false'" /DEBUG /PDB:"E:\DrawProject-master\Debug\Talk915LuckyDrawPro.pdb" /SUBSYSTEM:WINDOWS /TLBID:1 /ENTRY:"wWinMainCRTStartup" /DYNAMICBASE /NXCOMPAT /IMPLIB:"E:\DrawProject-master\Debug\Talk915LuckyDrawPro.lib" /MACHINE:X86 Debug\Talk915LuckyDrawPro.res
         Debug\Talk915LuckyDrawPro.exe.embed.manifest.res
         Debug\BtnST.obj
         Debug\CharCode.obj
         Debug\stdafx.obj
         Debug\Talk915LuckyDrawPro.obj
         Debug\Talk915LuckyDrawProDlg.obj
         Debug\ThreadEx.obj
       Manifest:
         C:\Program Files (x86)\Microsoft SDKs\Windows\v7.0A\bin\mt.exe /nologo /verbose /out:"Debug\Talk915LuckyDrawPro.exe.embed.manifest" /manifest Debug\Talk915LuckyDrawPro.exe.intermediate.manifest "c:\Program Files (x86)\Microsoft Visual Studio 10.0\VC\Include\Manifest\dpiaware.manifest"
         所有输出均为最新。
       LinkEmbedManifest:
         所有输出均为最新。
         Talk915LuckyDrawPro.vcxproj -> E:\DrawProject-master\Debug\Talk915LuckyDrawPro.exe
       FinalizeBuildStatus:
         正在删除文件“Debug\Talk915LuckyDrawPro.unsuccessfulbuild”。
         正在对“Debug\Talk915LuckyDrawPro.lastbuildstate”执行 Touch 任务。
     1>已完成生成项目“E:\DrawProject-master\Talk915LuckyDrawPro\Talk915LuckyDrawPro.vcxproj”(build 个目标)的操作。

生成成功。

已用时间 00:00:02.09
